c:\users\kiril\onedrive\рабочий стол\2kurs\winapilabbs\laba4\laba4\debug\vc142.pdb
c:\users\kiril\onedrive\рабочий стол\2kurs\winapilabbs\laba4\laba4\debug\vc142.idb
c:\users\kiril\onedrive\рабочий стол\2kurs\winapilabbs\laba4\laba4\debug\laba4.obj
c:\users\kiril\onedrive\рабочий стол\2kurs\winapilabbs\laba4\debug\laba4.exe
c:\users\kiril\onedrive\рабочий стол\2kurs\winapilabbs\laba4\debug\laba4.ilk
c:\users\kiril\onedrive\рабочий стол\2kurs\winapilabbs\laba4\debug\laba4.pdb
c:\users\kiril\onedrive\рабочий стол\2kurs\winapilabbs\laba4\laba4\debug\laba4.res
c:\users\kiril\onedrive\рабочий стол\2kurs\winapilabbs\laba4\laba4\debug\laba4.tlog\cl.command.1.tlog
c:\users\kiril\onedrive\рабочий стол\2kurs\winapilabbs\laba4\laba4\debug\laba4.tlog\cl.read.1.tlog
c:\users\kiril\onedrive\рабочий стол\2kurs\winapilabbs\laba4\laba4\debug\laba4.tlog\cl.write.1.tlog
c:\users\kiril\onedrive\рабочий стол\2kurs\winapilabbs\laba4\laba4\debug\laba4.tlog\link-cvtres.read.1.tlog
c:\users\kiril\onedrive\рабочий стол\2kurs\winapilabbs\laba4\laba4\debug\laba4.tlog\link-cvtres.write.1.tlog
c:\users\kiril\onedrive\рабочий стол\2kurs\winapilabbs\laba4\laba4\debug\laba4.tlog\link-rc.read.1.tlog
c:\users\kiril\onedrive\рабочий стол\2kurs\winapilabbs\laba4\laba4\debug\laba4.tlog\link-rc.write.1.tlog
c:\users\kiril\onedrive\рабочий стол\2kurs\winapilabbs\laba4\laba4\debug\laba4.tlog\link.9184-cvtres.read.1.tlog
c:\users\kiril\onedrive\рабочий стол\2kurs\winapilabbs\laba4\laba4\debug\laba4.tlog\link.9184-cvtres.write.1.tlog
c:\users\kiril\onedrive\рабочий стол\2kurs\winapilabbs\laba4\laba4\debug\laba4.tlog\link.9184-rc.read.1.tlog
c:\users\kiril\onedrive\рабочий стол\2kurs\winapilabbs\laba4\laba4\debug\laba4.tlog\link.9184-rc.write.1.tlog
c:\users\kiril\onedrive\рабочий стол\2kurs\winapilabbs\laba4\laba4\debug\laba4.tlog\link.9184.read.1.tlog
c:\users\kiril\onedrive\рабочий стол\2kurs\winapilabbs\laba4\laba4\debug\laba4.tlog\link.9184.write.1.tlog
c:\users\kiril\onedrive\рабочий стол\2kurs\winapilabbs\laba4\laba4\debug\laba4.tlog\link.command.1.tlog
c:\users\kiril\onedrive\рабочий стол\2kurs\winapilabbs\laba4\laba4\debug\laba4.tlog\link.read.1.tlog
c:\users\kiril\onedrive\рабочий стол\2kurs\winapilabbs\laba4\laba4\debug\laba4.tlog\link.write.1.tlog
c:\users\kiril\onedrive\рабочий стол\2kurs\winapilabbs\laba4\laba4\debug\laba4.tlog\rc.command.1.tlog
c:\users\kiril\onedrive\рабочий стол\2kurs\winapilabbs\laba4\laba4\debug\laba4.tlog\rc.read.1.tlog
c:\users\kiril\onedrive\рабочий стол\2kurs\winapilabbs\laba4\laba4\debug\laba4.tlog\rc.write.1.tlog
